<?xml version="1.0" encoding="UTF-8"?>
<!-- Generated by org.testng.reporters.JUnitReportReporter -->
<testsuite skipped="0" hostname="pc" name="com.automation.testCases.TC003_PutRequest_UpdEmpInfo" tests="2" failures="0" timestamp="26 Jun 2019 05:29:10 GMT" time="7.489" errors="0">
  <testcase name="verifyResponseBody" time="0.009" classname="com.automation.testCases.TC003_PutRequest_UpdEmpInfo"/>
  <testcase name="verifyEmpDataExist" time="7.480" classname="com.automation.testCases.TC003_PutRequest_UpdEmpInfo"/>
</testsuite> <!-- com.automation.testCases.TC003_PutRequest_UpdEmpInfo -->
