<?xml version="1.0" encoding="UTF-8"?>
<!-- Generated by org.testng.reporters.JUnitReportReporter -->
<testsuite skipped="0" hostname="pc" name="com.automation.testCases.TC001_GetWeatherDetails" tests="5" failures="0" timestamp="26 Jun 2019 05:29:10 GMT" time="0.083" errors="0">
  <testcase name="validateStatusLine" time="0.006" classname="com.automation.testCases.TC001_GetWeatherDetails"/>
  <testcase name="validateStatusCode" time="0.007" classname="com.automation.testCases.TC001_GetWeatherDetails"/>
  <testcase name="validateResponseBody" time="0.046" classname="com.automation.testCases.TC001_GetWeatherDetails"/>
  <testcase name="validateResponseTime" time="0.006" classname="com.automation.testCases.TC001_GetWeatherDetails"/>
  <testcase name="validateContentTypeHeader" time="0.018" classname="com.automation.testCases.TC001_GetWeatherDetails"/>
</testsuite> <!-- com.automation.testCases.TC001_GetWeatherDetails -->
