<?xml version="1.0" encoding="UTF-8"?>
<!-- Generated by org.testng.reporters.JUnitReportReporter -->
<testsuite skipped="0" hostname="pc" name="com.automation.testCases.TC003_PutRequest_UpdCustInfo" tests="1" failures="0" timestamp="25 Jun 2019 13:45:05 GMT" time="0.252" errors="0">
  <testcase name="verifyResponseBody" time="0.252" classname="com.automation.testCases.TC003_PutRequest_UpdCustInfo"/>
</testsuite> <!-- com.automation.testCases.TC003_PutRequest_UpdCustInfo -->
