<?xml version="1.0" encoding="UTF-8"?>
<!-- Generated by org.testng.reporters.JUnitReportReporter -->
<testsuite skipped="0" hostname="pc" name="com.automation.testCases.TC002_PostRequestAddEmployee" tests="3" failures="0" timestamp="26 Jun 2019 05:29:10 GMT" time="0.029" errors="0">
  <testcase name="verifyStatusCode" time="0.016" classname="com.automation.testCases.TC002_PostRequestAddEmployee"/>
  <testcase name="verifyResponseBody" time="0.007" classname="com.automation.testCases.TC002_PostRequestAddEmployee"/>
  <testcase name="verifyStatusLine" time="0.006" classname="com.automation.testCases.TC002_PostRequestAddEmployee"/>
</testsuite> <!-- com.automation.testCases.TC002_PostRequestAddEmployee -->
